2025-10-05 00:53:44,888 - INFO - Model monitoring scheduler started. Will run at 9:16 AM IST every day except Sunday
2025-10-05 01:00:43,197 - INFO - Model monitoring scheduler started. Will run at 9:16 AM IST every day except Sunday
2025-10-14 23:21:14,722 - INFO - Model monitoring scheduler started. Will run at 9:16 AM IST every day except Sunday
2025-10-14 23:21:14,800 - INFO - Outside market hours, waiting for next scheduled run
2025-10-14 23:23:07,823 - INFO - Model monitoring scheduler started. Will run at 9:16 AM IST every day except Sunday
2025-10-14 23:23:07,842 - INFO - Outside market hours, waiting for next scheduled run
2025-10-14 23:26:59,471 - INFO - Model monitoring scheduler started. Will run at 9:16 AM IST every day except Sunday
2025-10-14 23:26:59,494 - INFO - Outside market hours, waiting for next scheduled run
2025-10-14 23:32:36,826 - INFO - Model monitoring scheduler started. Will run at 9:16 AM IST every day except Sunday
2025-10-14 23:32:36,851 - INFO - Outside market hours, waiting for next scheduled run
2025-10-14 23:42:00,614 - INFO - Model monitoring scheduler started. Will run at 9:16 AM IST every day except Sunday
2025-10-14 23:42:00,647 - INFO - Outside market hours, waiting for next scheduled run
2025-10-14 23:44:57,581 - INFO - Model monitoring scheduler started. Will run at 9:16 AM IST every day except Sunday
2025-10-14 23:44:57,609 - INFO - Outside market hours, waiting for next scheduled run
2025-10-15 00:06:22,157 - INFO - Model monitoring scheduler started. Will run at 9:16 AM IST every day except Sunday
2025-10-15 00:06:22,204 - INFO - Outside market hours, waiting for next scheduled run
2025-10-15 00:17:35,195 - INFO - Model monitoring scheduler started. Will run at 9:16 AM IST every day except Sunday
2025-10-15 00:17:35,231 - INFO - Outside market hours, waiting for next scheduled run
2025-10-15 00:37:20,215 - INFO - Model monitoring scheduler started. Will run at 9:16 AM IST every day except Sunday
2025-10-15 00:37:20,240 - INFO - Outside market hours, waiting for next scheduled run
2025-10-15 00:44:12,445 - INFO - Model monitoring scheduler started. Will run at 9:16 AM IST every day except Sunday
2025-10-15 00:44:12,466 - INFO - Outside market hours, waiting for next scheduled run
2025-10-15 00:50:33,864 - INFO - Model monitoring scheduler started. Will run at 9:16 AM IST every day except Sunday
2025-10-15 00:50:33,894 - INFO - Outside market hours, waiting for next scheduled run
2025-10-15 00:54:08,358 - INFO - Model monitoring scheduler started. Will run at 9:16 AM IST every day except Sunday
2025-10-15 00:54:08,380 - INFO - Outside market hours, waiting for next scheduled run
2025-10-15 01:12:05,839 - INFO - Model monitoring scheduler started. Will run at 9:16 AM IST every day except Sunday
2025-10-15 01:12:05,861 - INFO - Outside market hours, waiting for next scheduled run
2025-10-15 01:17:39,845 - INFO - Model monitoring scheduler started. Will run at 9:16 AM IST every day except Sunday
2025-10-15 01:17:39,858 - INFO - Outside market hours, waiting for next scheduled run
2025-10-15 01:21:03,270 - INFO - Model monitoring scheduler started. Will run at 9:16 AM IST every day except Sunday
2025-10-15 01:21:03,283 - INFO - Outside market hours, waiting for next scheduled run
2025-10-15 02:38:21,464 - INFO - Model monitoring scheduler started. Will run at 9:16 AM IST every day except Sunday
2025-10-15 02:38:21,481 - INFO - Outside market hours, waiting for next scheduled run
2025-10-15 03:46:21,991 - INFO - Starting scheduled model monitoring job
2025-10-15 03:46:21,992 - INFO - Starting model performance monitoring...
2025-10-15 03:46:21,993 - INFO - No recent predictions to analyze
2025-10-15 03:46:21,993 - INFO - Completed model monitoring job
2025-10-15 08:29:59,597 - INFO - Model monitoring scheduler started. Will run at 9:16 AM IST every day except Sunday
2025-10-15 08:29:59,616 - INFO - Outside market hours, waiting for next scheduled run
2025-10-15 08:33:17,317 - INFO - Model monitoring scheduler started. Will run at 9:16 AM IST every day except Sunday
2025-10-15 08:33:17,331 - INFO - Outside market hours, waiting for next scheduled run
2025-10-15 08:58:44,889 - INFO - Model monitoring scheduler started. Will run at 9:16 AM IST every day except Sunday
2025-10-15 08:58:44,916 - INFO - Outside market hours, waiting for next scheduled run
2025-10-15 09:16:45,024 - INFO - Starting scheduled model monitoring job
2025-10-15 09:16:45,024 - INFO - Starting model performance monitoring...
2025-10-15 09:16:45,027 - INFO - No recent predictions to analyze
2025-10-15 09:16:45,027 - INFO - Completed model monitoring job
2025-10-15 09:26:23,741 - INFO - Model monitoring scheduler started. Will run at 9:16 AM IST every day except Sunday
2025-10-15 09:26:23,776 - INFO - Starting scheduled model monitoring job
2025-10-15 09:26:23,776 - INFO - Starting model performance monitoring...
2025-10-15 09:26:23,777 - INFO - No recent predictions to analyze
2025-10-15 09:26:23,777 - INFO - Completed model monitoring job
2025-10-15 09:33:24,814 - INFO - Model monitoring scheduler starting. Will run daily at 09:16 IST except Sunday
2025-10-15 09:33:24,815 - INFO - MODEL_MONITOR_TEST=1 set - running one job for test and exiting
2025-10-15 09:33:24,815 - INFO - Starting scheduled model monitoring job
2025-10-15 09:33:24,815 - INFO - Starting model performance monitoring...
2025-10-15 09:33:24,819 - INFO - Fetched 167 predictions from the last 7 days
2025-10-15 09:33:24,819 - INFO - Usable predictions with actuals: 0
2025-10-15 09:33:24,819 - INFO - No usable predictions with actual values found for monitoring
2025-10-15 09:33:24,819 - INFO - Completed model monitoring job
2025-10-15 09:41:57,366 - INFO - Model monitoring scheduler starting. Will run daily at 09:16 IST except Sunday
2025-10-15 10:15:38,813 - INFO - Model monitoring scheduler starting. Will run daily at 09:16 IST except Sunday
2025-10-15 10:17:37,034 - INFO - Model monitoring scheduler starting. Will run daily at 09:16 IST except Sunday
2025-10-15 10:20:02,042 - INFO - Model monitoring scheduler starting. Will run daily at 09:16 IST except Sunday
2025-10-15 10:20:02,042 - INFO - MODEL_MONITOR_TEST=1 set - running one job for test and exiting
2025-10-15 10:20:02,042 - INFO - Starting scheduled model monitoring job
2025-10-15 10:20:02,042 - INFO - Starting model performance monitoring...
2025-10-15 10:20:02,044 - INFO - Fetched 159 predictions from the last 7 days
2025-10-15 10:20:02,044 - INFO - Usable predictions with actuals: 0
2025-10-15 10:20:02,044 - INFO - No usable predictions with actual values found for monitoring
2025-10-15 10:20:02,044 - INFO - Completed model monitoring job
2025-10-15 10:23:27,679 - INFO - Model monitoring scheduler starting. Will run daily at 09:16 IST except Sunday
2025-10-15 10:23:27,679 - INFO - MODEL_MONITOR_TEST=1 set - running one job for test and exiting
2025-10-15 10:23:27,679 - INFO - Starting scheduled model monitoring job
2025-10-15 10:23:27,679 - INFO - Starting model performance monitoring...
2025-10-15 10:23:27,680 - INFO - Fetched 159 predictions from the last 7 days
2025-10-15 10:23:27,680 - INFO - Usable predictions with actuals: 0
2025-10-15 10:23:27,680 - INFO - No usable predictions with actual values found for monitoring
2025-10-15 10:23:27,680 - INFO - Completed model monitoring job
2025-10-15 10:23:42,129 - INFO - Model monitoring scheduler starting. Will run daily at 09:16 IST except Sunday
2025-10-15 10:23:42,130 - INFO - Scheduler heartbeat. Current IST time: 2025-10-15 10:23:42
2025-10-15 10:23:47,135 - INFO - Scheduler heartbeat. Current IST time: 2025-10-15 10:23:47
2025-10-15 10:23:52,141 - INFO - Scheduler heartbeat. Current IST time: 2025-10-15 10:23:52
2025-10-15 10:23:57,146 - INFO - Scheduler heartbeat. Current IST time: 2025-10-15 10:23:57
